app/build/intermediates/manifest_merge_blame_file/debug/manifest-merger-blame-debug-report.txt
1<?xml version="1.0" encoding="utf-8"?>
2<manifest xmlns:android="http://schemas.android.com/apk/res/android"
3    package="com.example.firebaseapp"
4    android:versionCode="1"
5    android:versionName="1.0" >
6
7    <uses-sdk
8        android:minSdkVersion="21"
8-->src\main\AndroidManifest.xml
9        android:targetSdkVersion="32" />
9-->src\main\AndroidManifest.xml
10    <!-- permissions for internet -->
11    <uses-permission android:name="android.permission.ACCESS_COARSE_LOCATION" />
11-->src\main\AndroidManifest.xml:6:5-81
11-->src\main\AndroidManifest.xml:6:22-78
12    <uses-permission android:name="android.permission.INTERNET" />
12-->src\main\AndroidManifest.xml:7:5-67
12-->src\main\AndroidManifest.xml:7:22-64
13    <uses-permission android:name="android.permission.ACCESS_NETWORK_STATE" />
13-->src\main\AndroidManifest.xml:8:5-79
13-->src\main\AndroidManifest.xml:8:22-76
14
15    <application
15-->src\main\AndroidManifest.xml:10:5-39:19
16        android:allowBackup="true"
16-->src\main\AndroidManifest.xml:11:9-35
17        android:appComponentFactory="androidx.core.app.CoreComponentFactory"
17-->[androidx.core:core:1.7.0] AndroidManifest.xml:24:18-86
18        android:debuggable="true"
19        android:icon="@mipmap/ic_launcher"
19-->src\main\AndroidManifest.xml:12:9-43
20        android:label="@string/app_name"
20-->src\main\AndroidManifest.xml:13:9-41
21        android:roundIcon="@mipmap/ic_launcher_round"
21-->src\main\AndroidManifest.xml:14:9-54
22        android:supportsRtl="true"
22-->src\main\AndroidManifest.xml:15:9-35
23        android:testOnly="true"
24        android:theme="@style/Theme.FirebaseCrudApp" >
24-->src\main\AndroidManifest.xml:16:9-53
25        <activity
25-->src\main\AndroidManifest.xml:17:9-19:40
26            android:name="com.example.firebaseapp.MainActivityChild"
26-->src\main\AndroidManifest.xml:18:13-46
27            android:exported="false" />
27-->src\main\AndroidManifest.xml:19:13-37
28        <activity
28-->src\main\AndroidManifest.xml:20:9-22:43
29            android:name="com.example.firebaseapp.EditChildActivity"
29-->src\main\AndroidManifest.xml:21:13-46
30            android:label="Edit Course" />
30-->src\main\AndroidManifest.xml:22:13-40
31        <activity
31-->src\main\AndroidManifest.xml:23:9-25:42
32            android:name="com.example.firebaseapp.AddChildActivity"
32-->src\main\AndroidManifest.xml:24:13-45
33            android:label="Add Course" />
33-->src\main\AndroidManifest.xml:25:13-39
34        <activity
34-->src\main\AndroidManifest.xml:26:9-28:40
35            android:name="com.example.firebaseapp.RegisterActivity"
35-->src\main\AndroidManifest.xml:27:13-45
36            android:label="Register" /> <!-- login activity is set as launcher activity -->
36-->src\main\AndroidManifest.xml:28:13-37
37        <activity
37-->src\main\AndroidManifest.xml:29:9-37:20
38            android:name="com.example.firebaseapp.LoginActivity"
38-->src\main\AndroidManifest.xml:30:13-42
39            android:exported="true" >
39-->src\main\AndroidManifest.xml:31:13-36
40            <intent-filter>
40-->src\main\AndroidManifest.xml:32:13-36:29
41                <action android:name="android.intent.action.MAIN" />
41-->src\main\AndroidManifest.xml:33:17-69
41-->src\main\AndroidManifest.xml:33:25-66
42
43                <category android:name="android.intent.category.LAUNCHER" />
43-->src\main\AndroidManifest.xml:35:17-77
43-->src\main\AndroidManifest.xml:35:27-74
44            </intent-filter>
45        </activity>
46        <activity android:name="com.example.firebaseapp.MainActivity" />
46-->src\main\AndroidManifest.xml:38:9-50
46-->src\main\AndroidManifest.xml:38:19-47
47
48        <service
48-->[com.google.firebase:firebase-database:20.0.5] AndroidManifest.xml:29:9-35:19
49            android:name="com.google.firebase.components.ComponentDiscoveryService"
49-->[com.google.firebase:firebase-database:20.0.5] AndroidManifest.xml:30:13-84
50            android:directBootAware="true"
50-->[com.google.firebase:firebase-common:20.1.1] AndroidManifest.xml:35:13-43
51            android:exported="false" >
51-->[com.google.firebase:firebase-database:20.0.5] AndroidManifest.xml:31:13-37
52            <meta-data
52-->[com.google.firebase:firebase-database:20.0.5] AndroidManifest.xml:32:13-34:85
53                android:name="com.google.firebase.components:com.google.firebase.database.DatabaseRegistrar"
53-->[com.google.firebase:firebase-database:20.0.5] AndroidManifest.xml:33:17-109
54                android:value="com.google.firebase.components.ComponentRegistrar" />
54-->[com.google.firebase:firebase-database:20.0.5] AndroidManifest.xml:34:17-82
55            <meta-data
55-->[com.google.firebase:firebase-auth:21.0.6] AndroidManifest.xml:67:13-69:85
56                android:name="com.google.firebase.components:com.google.firebase.auth.FirebaseAuthRegistrar"
56-->[com.google.firebase:firebase-auth:21.0.6] AndroidManifest.xml:68:17-109
57                android:value="com.google.firebase.components.ComponentRegistrar" />
57-->[com.google.firebase:firebase-auth:21.0.6] AndroidManifest.xml:69:17-82
58        </service>
59
60        <activity
60-->[com.google.firebase:firebase-auth:21.0.6] AndroidManifest.xml:27:9-44:20
61            android:name="com.google.firebase.auth.internal.GenericIdpActivity"
61-->[com.google.firebase:firebase-auth:21.0.6] AndroidManifest.xml:28:13-80
62            android:excludeFromRecents="true"
62-->[com.google.firebase:firebase-auth:21.0.6] AndroidManifest.xml:29:13-46
63            android:exported="true"
63-->[com.google.firebase:firebase-auth:21.0.6] AndroidManifest.xml:30:13-36
64            android:launchMode="singleTask"
64-->[com.google.firebase:firebase-auth:21.0.6] AndroidManifest.xml:31:13-44
65            android:theme="@android:style/Theme.Translucent.NoTitleBar" >
65-->[com.google.firebase:firebase-auth:21.0.6] AndroidManifest.xml:32:13-72
66            <intent-filter>
66-->[com.google.firebase:firebase-auth:21.0.6] AndroidManifest.xml:33:13-43:29
67                <action android:name="android.intent.action.VIEW" />
67-->[com.google.firebase:firebase-auth:21.0.6] AndroidManifest.xml:34:17-69
67-->[com.google.firebase:firebase-auth:21.0.6] AndroidManifest.xml:34:25-66
68
69                <category android:name="android.intent.category.DEFAULT" />
69-->[com.google.firebase:firebase-auth:21.0.6] AndroidManifest.xml:36:17-76
69-->[com.google.firebase:firebase-auth:21.0.6] AndroidManifest.xml:36:27-73
70                <category android:name="android.intent.category.BROWSABLE" />
70-->[com.google.firebase:firebase-auth:21.0.6] AndroidManifest.xml:37:17-78
70-->[com.google.firebase:firebase-auth:21.0.6] AndroidManifest.xml:37:27-75
71
72                <data
72-->[com.google.firebase:firebase-auth:21.0.6] AndroidManifest.xml:39:17-42:51
73                    android:host="firebase.auth"
73-->[com.google.firebase:firebase-auth:21.0.6] AndroidManifest.xml:40:21-49
74                    android:path="/"
74-->[com.google.firebase:firebase-auth:21.0.6] AndroidManifest.xml:41:21-37
75                    android:scheme="genericidp" />
75-->[com.google.firebase:firebase-auth:21.0.6] AndroidManifest.xml:42:21-48
76            </intent-filter>
77        </activity>
78        <activity
78-->[com.google.firebase:firebase-auth:21.0.6] AndroidManifest.xml:45:9-62:20
79            android:name="com.google.firebase.auth.internal.RecaptchaActivity"
79-->[com.google.firebase:firebase-auth:21.0.6] AndroidManifest.xml:46:13-79
80            android:excludeFromRecents="true"
80-->[com.google.firebase:firebase-auth:21.0.6] AndroidManifest.xml:47:13-46
81            android:exported="true"
81-->[com.google.firebase:firebase-auth:21.0.6] AndroidManifest.xml:48:13-36
82            android:launchMode="singleTask"
82-->[com.google.firebase:firebase-auth:21.0.6] AndroidManifest.xml:49:13-44
83            android:theme="@android:style/Theme.Translucent.NoTitleBar" >
83-->[com.google.firebase:firebase-auth:21.0.6] AndroidManifest.xml:50:13-72
84            <intent-filter>
84-->[com.google.firebase:firebase-auth:21.0.6] AndroidManifest.xml:51:13-61:29
85                <action android:name="android.intent.action.VIEW" />
85-->[com.google.firebase:firebase-auth:21.0.6] AndroidManifest.xml:34:17-69
85-->[com.google.firebase:firebase-auth:21.0.6] AndroidManifest.xml:34:25-66
86
87                <category android:name="android.intent.category.DEFAULT" />
87-->[com.google.firebase:firebase-auth:21.0.6] AndroidManifest.xml:36:17-76
87-->[com.google.firebase:firebase-auth:21.0.6] AndroidManifest.xml:36:27-73
88                <category android:name="android.intent.category.BROWSABLE" />
88-->[com.google.firebase:firebase-auth:21.0.6] AndroidManifest.xml:37:17-78
88-->[com.google.firebase:firebase-auth:21.0.6] AndroidManifest.xml:37:27-75
89
90                <data
90-->[com.google.firebase:firebase-auth:21.0.6] AndroidManifest.xml:39:17-42:51
91                    android:host="firebase.auth"
91-->[com.google.firebase:firebase-auth:21.0.6] AndroidManifest.xml:40:21-49
92                    android:path="/"
92-->[com.google.firebase:firebase-auth:21.0.6] AndroidManifest.xml:41:21-37
93                    android:scheme="recaptcha" />
93-->[com.google.firebase:firebase-auth:21.0.6] AndroidManifest.xml:42:21-48
94            </intent-filter>
95        </activity>
96
97        <provider
97-->[com.squareup.picasso:picasso:2.71828] AndroidManifest.xml:8:9-11:40
98            android:name="com.squareup.picasso.PicassoProvider"
98-->[com.squareup.picasso:picasso:2.71828] AndroidManifest.xml:9:13-64
99            android:authorities="com.example.firebaseapp.com.squareup.picasso"
99-->[com.squareup.picasso:picasso:2.71828] AndroidManifest.xml:10:13-72
100            android:exported="false" />
100-->[com.squareup.picasso:picasso:2.71828] AndroidManifest.xml:11:13-37
101
102        <activity
102-->[com.google.android.gms:play-services-base:18.0.1] AndroidManifest.xml:20:9-22:45
103            android:name="com.google.android.gms.common.api.GoogleApiActivity"
103-->[com.google.android.gms:play-services-base:18.0.1] AndroidManifest.xml:20:19-85
104            android:exported="false"
104-->[com.google.android.gms:play-services-base:18.0.1] AndroidManifest.xml:22:19-43
105            android:theme="@android:style/Theme.Translucent.NoTitleBar" />
105-->[com.google.android.gms:play-services-base:18.0.1] AndroidManifest.xml:21:19-78
106
107        <provider
107-->[com.google.firebase:firebase-common:20.1.1] AndroidManifest.xml:26:9-31:39
108            android:name="com.google.firebase.provider.FirebaseInitProvider"
108-->[com.google.firebase:firebase-common:20.1.1] AndroidManifest.xml:27:13-77
109            android:authorities="com.example.firebaseapp.firebaseinitprovider"
109-->[com.google.firebase:firebase-common:20.1.1] AndroidManifest.xml:28:13-72
110            android:directBootAware="true"
110-->[com.google.firebase:firebase-common:20.1.1] AndroidManifest.xml:29:13-43
111            android:exported="false"
111-->[com.google.firebase:firebase-common:20.1.1] AndroidManifest.xml:30:13-37
112            android:initOrder="100" />
112-->[com.google.firebase:firebase-common:20.1.1] AndroidManifest.xml:31:13-36
113
114        <meta-data
114-->[com.google.android.gms:play-services-basement:18.0.0] AndroidManifest.xml:21:9-23:69
115            android:name="com.google.android.gms.version"
115-->[com.google.android.gms:play-services-basement:18.0.0] AndroidManifest.xml:22:13-58
116            android:value="@integer/google_play_services_version" />
116-->[com.google.android.gms:play-services-basement:18.0.0] AndroidManifest.xml:23:13-66
117
118        <provider
118-->[androidx.emoji2:emoji2:1.0.0] AndroidManifest.xml:26:9-34:20
119            android:name="androidx.startup.InitializationProvider"
119-->[androidx.emoji2:emoji2:1.0.0] AndroidManifest.xml:27:13-67
120            android:authorities="com.example.firebaseapp.androidx-startup"
120-->[androidx.emoji2:emoji2:1.0.0] AndroidManifest.xml:28:13-68
121            android:exported="false" >
121-->[androidx.emoji2:emoji2:1.0.0] AndroidManifest.xml:29:13-37
122            <meta-data
122-->[androidx.emoji2:emoji2:1.0.0] AndroidManifest.xml:31:13-33:52
123                android:name="androidx.emoji2.text.EmojiCompatInitializer"
123-->[androidx.emoji2:emoji2:1.0.0] AndroidManifest.xml:32:17-75
124                android:value="androidx.startup" />
124-->[androidx.emoji2:emoji2:1.0.0] AndroidManifest.xml:33:17-49
125            <meta-data
125-->[androidx.lifecycle:lifecycle-process:2.4.0] AndroidManifest.xml:31:13-33:52
126                android:name="androidx.lifecycle.ProcessLifecycleInitializer"
126-->[androidx.lifecycle:lifecycle-process:2.4.0] AndroidManifest.xml:32:17-78
127                android:value="androidx.startup" />
127-->[androidx.lifecycle:lifecycle-process:2.4.0] AndroidManifest.xml:33:17-49
128        </provider>
129    </application>
130
131</manifest>